2020-12-29 20:55:54: 1
2020-12-29 20:55:55: 1
2020-12-29 20:55:55: é“¾æ¥æˆåŠŸ
2020-12-29 20:55:55: 1
2020-12-29 20:55:55: 1
2020-12-29 20:55:55: é“¾æ¥æˆåŠŸ
2020-12-29 20:55:55: é“¾æ¥æˆåŠŸ
2020-12-29 20:55:55: é“¾æ¥æˆåŠŸ
2020-12-29 20:56:04: [0mGET /api/comment/list2 [36m304 [0m10.450 ms - -[0m
2020-12-29 20:56:24: [0mGET /api/comment/list2 [36m304 [0m15.106 ms - -[0m
2020-12-29 20:56:26: [0mGET /api/comment/list2 [36m304 [0m2.650 ms - -[0m
2020-12-29 20:56:27: [0mGET /api/comment/list2 [36m304 [0m1.044 ms - -[0m
2020-12-29 20:56:28: [0mGET /api/comment/list2 [36m304 [0m1.279 ms - -[0m
2020-12-29 20:56:35: 1
2020-12-29 20:56:35: 1
2020-12-29 20:56:35: é“¾æ¥æˆåŠŸ
2020-12-29 20:56:35: é“¾æ¥æˆåŠŸ
2020-12-29 20:56:35: 1
2020-12-29 20:56:35: 1
2020-12-29 20:56:36: é“¾æ¥æˆåŠŸ
2020-12-29 20:56:36: é“¾æ¥æˆåŠŸ
2020-12-29 20:58:42: [0mGET /api/comment/list2 [36m304 [0m10.448 ms - -[0m
2020-12-29 20:59:02: [0mGET /api/comment/123 [33m404 [0m263.225 ms - 1745[0m
2020-12-29 20:59:02: [0mGET /stylesheets/style.css [32m200 [0m5.664 ms - 112[0m
2020-12-29 21:03:51: [0mGET /api/stockData/getStockName [32m200 [0m67.745 ms - 95491[0m
2020-12-29 21:04:03: 1
2020-12-29 21:04:03: 1
2020-12-29 21:04:04: é“¾æ¥æˆåŠŸ
2020-12-29 21:04:04: é“¾æ¥æˆåŠŸ
2020-12-29 21:04:04: 1
2020-12-29 21:04:04: 1
2020-12-29 21:04:04: é“¾æ¥æˆåŠŸ
2020-12-29 21:04:04: é“¾æ¥æˆåŠŸ
